0 info it worked if it ends with ok
1 verbose cli [ 'C:\\Program Files\\nodejs\\\\node.exe',
1 verbose cli   'C:\\Program Files\\nodejs\\node_modules\\npm\\bin\\npm-cli.js',
1 verbose cli   'publish' ]
2 info using npm@2.5.1
3 info using node@v0.12.0
4 verbose node symlink C:\Program Files\nodejs\\node.exe
5 verbose publish [ '.' ]
6 silly cache add args [ '.', null ]
7 verbose cache add spec .
8 silly cache add parsed spec { raw: '.',
8 silly cache add   scope: null,
8 silly cache add   name: null,
8 silly cache add   rawSpec: '.',
8 silly cache add   spec: 'C:\\Users\\Andre\\mq-node',
8 silly cache add   type: 'directory' }
9 verbose addLocalDirectory C:\Users\Andre\AppData\Roaming\npm-cache\mq-node\1.0.0\package.tgz not in flight; packing
10 verbose tar pack [ 'C:\\Users\\Andre\\AppData\\Roaming\\npm-cache\\mq-node\\1.0.0\\package.tgz',
10 verbose tar pack   'C:\\Users\\Andre\\mq-node' ]
11 verbose tarball C:\Users\Andre\AppData\Roaming\npm-cache\mq-node\1.0.0\package.tgz
12 verbose folder C:\Users\Andre\mq-node
13 info prepublish mq-node@1.0.0
14 verbose addLocalTarball adding from inside cache C:\Users\Andre\AppData\Roaming\npm-cache\mq-node\1.0.0\package.tgz
15 silly cache afterAdd mq-node@1.0.0
16 verbose afterAdd C:\Users\Andre\AppData\Roaming\npm-cache\mq-node\1.0.0\package\package.json not in flight; writing
17 verbose afterAdd C:\Users\Andre\AppData\Roaming\npm-cache\mq-node\1.0.0\package\package.json written
18 silly publish { name: 'mq-node',
18 silly publish   version: '1.0.0',
18 silly publish   description: 'Mysql node library',
18 silly publish   main: 'dist/index.js',
18 silly publish   scripts: { test: 'mocha dist/index.js' },
18 silly publish   keywords: [ 'node', 'mysql', 'library', 'sql', 'database' ],
18 silly publish   author: { name: 'Andre Caetano' },
18 silly publish   license: 'MIT',
18 silly publish   dependencies:
18 silly publish    { lodash: '^3.10.1',
18 silly publish      mysql: '^2.8.0',
18 silly publish      'source-map-support': '^0.3.2' },
18 silly publish   devDependencies:
18 silly publish    { async: '^1.4.2',
18 silly publish      'babel-core': '^5.8.22',
18 silly publish      'babel-loader': '^5.3.2',
18 silly publish      chai: '^3.2.0',
18 silly publish      gulp: '^3.9.0',
18 silly publish      'gulp-load-plugins': '^1.0.0-rc.1',
18 silly publish      'gulp-spawn-mocha': '^2.2.1',
18 silly publish      'gulp-util': '^3.0.6',
18 silly publish      'gulp-webpack': '^1.5.0',
18 silly publish      mocha: '^2.2.5',
18 silly publish      webpack: '^1.11.0',
18 silly publish      wrench: '^1.5.8' },
18 silly publish   readme: '# mQ node\n\nMysql library inspired on [mq.php](https://github.com/webcaetano/mQ). \nSuporting JSON to create mysql queries.\n\nExample :\n\n```javascript\nvar mq = require(\'mq-node\')(({\n\thost     : \'localhost\',\n\tuser     : \'root\',\n\tpassword : \'\',\n\tdatabase : \'players\'\n});\n\nmq.insert(\'players\',{\n\tplayer:\'Lulu\',\n\t\'goal=80\'\n}); \n\n// return INSERT INTO players SET player="Lulu", goal=80\n```\n\n## Install\n\n```Batchfile\nnpm install mq-node\n```\n\n\n### Project Road : \n\n- Finish documentation\n- Finish readme\n\n---------------------------------\n\nThe MIT [License](https://raw.githubusercontent.com/webcaetano/mq-node/master/LICENSE.md)\n',
18 silly publish   readmeFilename: 'README.md',
18 silly publish   gitHead: '773c886d287804f0688b58d3e1b695a23c446a32',
18 silly publish   _id: 'mq-node@1.0.0',
18 silly publish   _shasum: 'c32b80a6947249b531d199a5775ff0a233b1f8a2',
18 silly publish   _from: '.' }
19 silly mapToRegistry name mq-node
20 silly mapToRegistry using default registry
21 silly mapToRegistry registry https://registry.npmjs.org/
22 silly mapToRegistry uri https://registry.npmjs.org/mq-node
23 verbose publish registryBase https://registry.npmjs.org/
24 silly publish uploading C:\Users\Andre\AppData\Roaming\npm-cache\mq-node\1.0.0\package.tgz
25 verbose request uri https://registry.npmjs.org/mq-node
26 verbose request sending authorization for write operation
27 info attempt registry request try #1 at 5:14:26 PM
28 verbose request using bearer token for auth
29 verbose request id efa90561263b6f4f
30 http request PUT https://registry.npmjs.org/mq-node
31 http 403 https://registry.npmjs.org/mq-node
32 verbose headers { 'content-type': 'application/json',
32 verbose headers   'cache-control': 'max-age=60',
32 verbose headers   'content-length': '95',
32 verbose headers   'accept-ranges': 'bytes',
32 verbose headers   date: 'Mon, 17 Aug 2015 20:14:28 GMT',
32 verbose headers   via: '1.1 varnish',
32 verbose headers   connection: 'keep-alive',
32 verbose headers   'x-served-by': 'cache-iad2124-IAD',
32 verbose headers   'x-cache': 'MISS',
32 verbose headers   'x-cache-hits': '0',
32 verbose headers   'x-timer': 'S1439842467.670857,VS0,VE422' }
33 verbose request invalidating C:\Users\Andre\AppData\Roaming\npm-cache\registry.npmjs.org\mq-node on PUT
34 error publish Failed PUT 403
35 verbose stack Error: "You cannot publish over the previously published version 1.0.0." : mq-node
35 verbose stack     at CachingRegistryClient.<anonymous> (C:\Program Files\nodejs\node_modules\npm\node_modules\npm-registry-client\lib\request.js:254:14)
35 verbose stack     at Request._callback (C:\Program Files\nodejs\node_modules\npm\node_modules\npm-registry-client\lib\request.js:178:14)
35 verbose stack     at Request.self.callback (C:\Program Files\nodejs\node_modules\npm\node_modules\request\request.js:344:22)
35 verbose stack     at Request.emit (events.js:110:17)
35 verbose stack     at Request.<anonymous> (C:\Program Files\nodejs\node_modules\npm\node_modules\request\request.js:1239:14)
35 verbose stack     at Request.emit (events.js:129:20)
35 verbose stack     at IncomingMessage.<anonymous> (C:\Program Files\nodejs\node_modules\npm\node_modules\request\request.js:1187:12)
35 verbose stack     at IncomingMessage.emit (events.js:129:20)
35 verbose stack     at _stream_readable.js:908:16
35 verbose stack     at process._tickCallback (node.js:355:11)
36 verbose statusCode 403
37 verbose pkgid mq-node
38 verbose cwd C:\Users\Andre\mq-node
39 error Windows_NT 6.3.9600
40 error argv "C:\\Program Files\\nodejs\\\\node.exe" "C:\\Program Files\\nodejs\\node_modules\\npm\\bin\\npm-cli.js" "publish"
41 error node v0.12.0
42 error npm  v2.5.1
43 error code E403
44 error "You cannot publish over the previously published version 1.0.0." : mq-node
45 error If you need help, you may report this error at:
45 error     <http://github.com/npm/npm/issues>
46 verbose exit [ 1, true ]
